#
# A fatal error has been detected by the Java Runtime Environment:
#
#  Internal Error (safepoint.cpp:848), pid=19389, tid=0x0000000000005f0f
#  fatal error: Illegal threadstate encountered: 4
#
# JRE version: OpenJDK Runtime Environment (8.0_312-b07) (build 1.8.0_312-b07)
# Java VM: OpenJDK 64-Bit Server VM (25.312-b07 mixed mode bsd-amd64 compressed oops)
# Failed to write core dump. Core dumps have been disabled. To enable core dumping, try "ulimit -c unlimited" before starting Java again
#
# If you would like to submit a bug report, please visit:
#   https://github.com/corretto/corretto-8/issues/
# The crash happened outside the Java Virtual Machine in native code.
# See problematic frame for where to report the bug.
#

---------------  T H R E A D  ---------------

Current thread (0x00007fb722982000):  JavaThread "Thread-1" daemon [_thread_in_native, id=24335, stack(0x000070000bddc000,0x000070000bedc000)]

Stack: [0x000070000bddc000,0x000070000bedc000],  sp=0x000070000bedaf70,  free space=1019k
Native frames: (J=compiled Java code, j=interpreted, Vv=VM code, C=native code)
V  [libjvm.dylib+0x5728b4]
V  [libjvm.dylib+0x1c53be]
V  [libjvm.dylib+0x4c6335]
V  [libjvm.dylib+0x538680]
V  [libjvm.dylib+0x553798]
V  [libjvm.dylib+0x55373c]
V  [libjvm.dylib+0x55370b]
V  [libjvm.dylib+0x54e079]
V  [libjvm.dylib+0x2f8a0a]
C  [libglass.dylib+0xa8e8]  -[GlassRunnable dealloc]+0x28
C  [Foundation+0x80e9b]  -[_NSThreadPerformInfo dealloc]+0x2a
C  [Foundation+0x4dcc7]  -[NSObject(NSThreadPerformAdditions) performSelectorOnMainThread:withObject:waitUntilDone:]+0x7c
j  com.sun.glass.ui.mac.MacApplication._submitForLaterInvocation(Ljava/lang/Runnable;)V+0
j  com.sun.glass.ui.mac.MacApplication.submitForLaterInvocation(Ljava/lang/Runnable;)V+2
j  com.sun.glass.ui.InvokeLaterDispatcher.run()V+82
v  ~StubRoutines::call_stub
V  [libjvm.dylib+0x2c40cc]
V  [libjvm.dylib+0x2c2f19]
V  [libjvm.dylib+0x2c3165]
V  [libjvm.dylib+0x332690]
V  [libjvm.dylib+0x536fb3]
V  [libjvm.dylib+0x536e71]
V  [libjvm.dylib+0x46c41e]
C  [libsystem_pthread.dylib+0x64f4]  _pthread_start+0x7d
C  [libsystem_pthread.dylib+0x200f]  thread_start+0xf
C  0x0000000000000000

Java frames: (J=compiled Java code, j=interpreted, Vv=VM code)
j  com.sun.glass.ui.mac.MacApplication._submitForLaterInvocation(Ljava/lang/Runnable;)V+0
j  com.sun.glass.ui.mac.MacApplication.submitForLaterInvocation(Ljava/lang/Runnable;)V+2
j  com.sun.glass.ui.InvokeLaterDispatcher.run()V+82
v  ~StubRoutines::call_stub

---------------  P R O C E S S  ---------------

Java Threads: ( => current thread )
  0x00007fb7229af000 JavaThread "Attach Listener" daemon [_thread_blocked, id=50179, stack(0x000070000c2f1000,0x000070000c3f1000)]
  0x00007fb723130000 JavaThread "Prism Font Disposer" daemon [_thread_blocked, id=78867, stack(0x000070000c1ee000,0x000070000c2ee000)]
  0x00007fb7210cf800 JavaThread "JavaFX-Launcher" [_thread_blocked, id=47363, stack(0x000070000bfe5000,0x000070000c0e5000)]
  0x00007fb7210ce800 JavaThread "Thread-3" daemon [_thread_in_native, id=31503, stack(0x000070000bedf000,0x000070000bf5f000)]
  0x00007fb7230b4800 JavaThread "JavaFX Application Thread" [_thread_in_native_trans, id=259, stack(0x00007ff7b116b000,0x00007ff7b196b000)]
=>0x00007fb722982000 JavaThread "Thread-1" daemon [_thread_in_native, id=24335, stack(0x000070000bddc000,0x000070000bedc000)]
  0x00007fb723060000 JavaThread "QuantumRenderer-0" daemon [_thread_blocked, id=16387, stack(0x000070000bcd9000,0x000070000bdd9000)]
  0x00007fb7218d4800 JavaThread "Service Thread" daemon [_thread_blocked, id=18435, stack(0x000070000bad3000,0x000070000bbd3000)]
  0x00007fb721843000 JavaThread "C1 CompilerThread2" daemon [_thread_blocked, id=15363, stack(0x000070000b9d0000,0x000070000bad0000)]
  0x00007fb722852000 JavaThread "C2 CompilerThread1" daemon [_thread_blocked, id=14851, stack(0x000070000b8cd000,0x000070000b9cd000)]
  0x00007fb721047000 JavaThread "C2 CompilerThread0" daemon [_thread_blocked, id=14595, stack(0x000070000b7ca000,0x000070000b8ca000)]
  0x00007fb723037800 JavaThread "Monitor Ctrl-Break" daemon [_thread_in_native, id=14339, stack(0x000070000b6c7000,0x000070000b7c7000)]
  0x00007fb722829000 JavaThread "Signal Dispatcher" daemon [_thread_blocked, id=13827, stack(0x000070000b5c4000,0x000070000b6c4000)]
  0x00007fb722822800 JavaThread "Finalizer" daemon [_thread_blocked, id=20483, stack(0x000070000b338000,0x000070000b438000)]
  0x00007fb72300c000 JavaThread "Reference Handler" daemon [_thread_blocked, id=20995, stack(0x000070000b235000,0x000070000b335000)]
  0x00007fb722809000 JavaThread "main" [_thread_blocked, id=5891, stack(0x000070000ac23000,0x000070000ad23000)]

Other Threads:
  0x00007fb722821800 VMThread [stack: 0x000070000b132000,0x000070000b232000] [id=11523]
  0x00007fb722824000 WatcherThread [stack: 0x000070000bbd6000,0x000070000bcd6000] [id=18179]

VM state:synchronizing (normal execution)

VM Mutex/Monitor currently owned by a thread:  ([mutex/lock_event])
[0x0000600001c54e80] Safepoint_lock - owner thread: 0x00007fb722821800
[0x0000600001c54f00] Threads_lock - owner thread: 0x00007fb722821800

heap address: 0x00000006c0000000, size: 4096 MB, Compressed Oops mode: Zero based, Oop shift amount: 3
Narrow klass base: 0x0000000000000000, Narrow klass shift: 3
Compressed class space size: 1073741824 Address: 0x00000007c0000000

Heap:
 PSYoungGen      total 76288K, used 52564K [0x000000076ab00000, 0x0000000770000000, 0x00000007c0000000)
  eden space 65536K, 80% used [0x000000076ab00000,0x000000076de55010,0x000000076eb00000)
  from space 10752K, 0% used [0x000000076f580000,0x000000076f580000,0x0000000770000000)
  to   space 10752K, 0% used [0x000000076eb00000,0x000000076eb00000,0x000000076f580000)
 ParOldGen       total 175104K, used 0K [0x00000006c0000000, 0x00000006cab00000, 0x000000076ab00000)
  object space 175104K, 0% used [0x00000006c0000000,0x00000006c0000000,0x00000006cab00000)
 Metaspace       used 14770K, capacity 15452K, committed 15744K, reserved 1062912K
  class space    used 2176K, capacity 2364K, committed 2432K, reserved 1048576K

Card table byte_map: [0x000000010fa0a000,0x000000011020b000] byte_map_base: 0x000000010c40a000

Marking Bits: (ParMarkBitMap*) 0x000000010f73dc18
 Begin Bits: [0x0000000122211000, 0x0000000126211000)
 End Bits:   [0x0000000126211000, 0x000000012a211000)

Polling page: 0x000000010e6d3000

CodeCache: size=245760Kb used=3866Kb max_used=3866Kb free=241893Kb
 bounds [0x0000000113211000, 0x00000001135e1000, 0x0000000122211000]
 total_blobs=1705 nmethods=1091 adapters=527
 compilation: enabled

Compilation events (10 events):
Event: 3.056 Thread 0x00007fb721843000 1087       3       com.sun.prism.PixelFormat::getBytesPerPixelUnit (13 bytes)
Event: 3.057 Thread 0x00007fb721843000 nmethod 1087 0x00000001135d6a10 code [0x00000001135d6b80, 0x00000001135d6d70]
Event: 3.057 Thread 0x00007fb721843000 1088       3       com.sun.javafx.geom.transform.AffineBase::getType (33 bytes)
Event: 3.057 Thread 0x00007fb721843000 nmethod 1088 0x00000001135d6e10 code [0x00000001135d6fa0, 0x00000001135d72f8]
Event: 3.105 Thread 0x00007fb721843000 1089       3       java.util.WeakHashMap::putAll (133 bytes)
Event: 3.106 Thread 0x00007fb721843000 nmethod 1089 0x00000001135d73d0 code [0x00000001135d7620, 0x00000001135d81c8]
Event: 3.121 Thread 0x00007fb721843000 1090       3       com.sun.scenario.animation.AnimationPulse::getDefaultBean (4 bytes)
Event: 3.121 Thread 0x00007fb721843000 nmethod 1090 0x00000001135d8510 code [0x00000001135d8680, 0x00000001135d8810]
Event: 3.121 Thread 0x00007fb721843000 1091       3       com.sun.scenario.animation.AnimationPulse$AnimationPulseHolder::access$000 (4 bytes)
Event: 3.121 Thread 0x00007fb721843000 nmethod 1091 0x00000001135d88d0 code [0x00000001135d8a20, 0x00000001135d8b50]

GC Heap History (0 events):
No events

Deoptimization events (10 events):
Event: 1.311 Thread 0x00007fb7230b4800 Uncommon trap: reason=class_check action=maybe_recompile pc=0x00000001134cffc0 method=java.io.DataInputStream.readShort()S @ 4
Event: 1.311 Thread 0x00007fb7230b4800 Uncommon trap: reason=class_check action=maybe_recompile pc=0x00000001134cffc0 method=java.io.DataInputStream.readShort()S @ 4
Event: 1.311 Thread 0x00007fb7230b4800 Uncommon trap: reason=class_check action=maybe_recompile pc=0x00000001134cffc0 method=java.io.DataInputStream.readShort()S @ 4
Event: 1.311 Thread 0x00007fb7230b4800 Uncommon trap: reason=class_check action=maybe_recompile pc=0x00000001134cffc0 method=java.io.DataInputStream.readShort()S @ 4
Event: 1.314 Thread 0x00007fb7230b4800 Uncommon trap: reason=class_check action=maybe_recompile pc=0x000000011332e218 method=java.lang.String.equals(Ljava/lang/Object;)Z @ 8
Event: 1.314 Thread 0x00007fb7230b4800 Uncommon trap: reason=class_check action=maybe_recompile pc=0x000000011332e218 method=java.lang.String.equals(Ljava/lang/Object;)Z @ 8
Event: 1.314 Thread 0x00007fb7230b4800 Uncommon trap: reason=class_check action=maybe_recompile pc=0x000000011332e218 method=java.lang.String.equals(Ljava/lang/Object;)Z @ 8
Event: 1.332 Thread 0x00007fb7230b4800 Uncommon trap: reason=class_check action=maybe_recompile pc=0x000000011332e218 method=java.lang.String.equals(Ljava/lang/Object;)Z @ 8
Event: 1.573 Thread 0x00007fb7230b4800 Uncommon trap: reason=unstable_if action=reinterpret pc=0x00000001135726a4 method=jdk.internal.org.objectweb.asm.Type.getArgumentsAndReturnSizes(Ljava/lang/String;)I @ 47
Event: 1.582 Thread 0x00007fb723060000 Uncommon trap: reason=unstable_if action=reinterpret pc=0x00000001134c7614 method=sun.net.www.ParseUtil.encodePath(Ljava/lang/String;Z)Ljava/lang/String; @ 109

Classes redefined (0 events):
No events

Internal exceptions (10 events):
Event: 0.033 Thread 0x00007fb722809000 Exception <a 'java/lang/NoSuchMethodError': Method sun.misc.Unsafe.prefetchRead(Ljava/lang/Object;J)V name or signature does not match> (0x000000076ab08570) thrown at [/Users/ec2-user/workspace/Corretto8/macos/x64/build/Corretto8Src/installers/mac/tar/cor
Event: 0.192 Thread 0x00007fb722809000 Exception <a 'java/lang/NoSuchFieldError': method resolution failed> (0x000000076b070f20) thrown at [/Users/ec2-user/workspace/Corretto8/macos/x64/build/Corretto8Src/installers/mac/tar/corretto-build/buildRoot/src/hotspot/src/share/vm/prims/methodHandles.
Event: 0.195 Thread 0x00007fb722809000 Exception <a 'java/lang/NoSuchFieldError': method resolution failed> (0x000000076b07e7c0) thrown at [/Users/ec2-user/workspace/Corretto8/macos/x64/build/Corretto8Src/installers/mac/tar/corretto-build/buildRoot/src/hotspot/src/share/vm/prims/methodHandles.
Event: 0.221 Thread 0x00007fb722809000 Exception <a 'java/security/PrivilegedActionException'> (0x000000076b12d9a0) thrown at [/Users/ec2-user/workspace/Corretto8/macos/x64/build/Corretto8Src/installers/mac/tar/corretto-build/buildRoot/src/hotspot/src/share/vm/prims/jvm.cpp, line 1523]
Event: 0.221 Thread 0x00007fb722809000 Exception <a 'java/security/PrivilegedActionException'> (0x000000076b12dbb0) thrown at [/Users/ec2-user/workspace/Corretto8/macos/x64/build/Corretto8Src/installers/mac/tar/corretto-build/buildRoot/src/hotspot/src/share/vm/prims/jvm.cpp, line 1523]
Event: 0.221 Thread 0x00007fb722809000 Exception <a 'java/security/PrivilegedActionException'> (0x000000076b131398) thrown at [/Users/ec2-user/workspace/Corretto8/macos/x64/build/Corretto8Src/installers/mac/tar/corretto-build/buildRoot/src/hotspot/src/share/vm/prims/jvm.cpp, line 1523]
Event: 0.221 Thread 0x00007fb722809000 Exception <a 'java/security/PrivilegedActionException'> (0x000000076b1315a8) thrown at [/Users/ec2-user/workspace/Corretto8/macos/x64/build/Corretto8Src/installers/mac/tar/corretto-build/buildRoot/src/hotspot/src/share/vm/prims/jvm.cpp, line 1523]
Event: 0.221 Thread 0x00007fb722809000 Exception <a 'java/lang/NullPointerException'> (0x000000076b131fb8) thrown at [/Users/ec2-user/workspace/Corretto8/macos/x64/build/Corretto8Src/installers/mac/tar/corretto-build/buildRoot/src/hotspot/src/share/vm/interpreter/linkResolver.cpp, line 1185]
Event: 0.645 Thread 0x00007fb7230b4800 Exception <a 'java/lang/NullPointerException'> (0x000000076c081880) thrown at [/Users/ec2-user/workspace/Corretto8/macos/x64/build/Corretto8Src/installers/mac/tar/corretto-build/buildRoot/src/hotspot/src/share/vm/interpreter/linkResolver.cpp, line 1185]
Event: 0.645 Thread 0x00007fb7230b4800 Exception <a 'java/lang/NullPointerException'> (0x000000076c081880) thrown at [/Users/ec2-user/workspace/Corretto8/macos/x64/build/Corretto8Src/installers/mac/tar/corretto-build/buildRoot/src/hotspot/src/share/vm/prims/jvm.cpp, line 1527]

Events (10 events):
Event: 1.706 loading class com/sun/prism/impl/ps/CachingShapeRepState$CacheEntry
Event: 1.706 loading class com/sun/prism/impl/ps/CachingShapeRepState$CacheEntry done
Event: 1.706 loading class com/sun/prism/impl/ps/CachingShapeRepState$CacheEntry
Event: 1.706 loading class com/sun/prism/impl/ps/CachingShapeRepState$CacheEntry done
Event: 1.706 loading class com/sun/prism/impl/ps/CachingShapeRepState$CacheEntry
Event: 1.706 loading class com/sun/prism/impl/ps/CachingShapeRepState$CacheEntry done
Event: 1.707 loading class com/sun/prism/impl/ps/CachingShapeRepState$MaskTexData
Event: 1.707 loading class com/sun/prism/impl/ps/CachingShapeRepState$MaskTexData done
Event: 1.707 loading class com/sun/prism/impl/ps/CachingShapeRepState$CSRDisposerRecord
Event: 1.707 loading class com/sun/prism/impl/ps/CachingShapeRepState$CSRDisposerRecord done


Dynamic libraries:
0x00007ff834f6d000 	/System/Library/Frameworks/Cocoa.framework/Versions/A/Cocoa
0x00007ff820df2000 	/System/Library/Frameworks/AppKit.framework/Versions/C/AppKit
0x00007ff8242e8000 	/System/Library/Frameworks/CoreData.framework/Versions/A/CoreData
0x00007ff81f209000 	/System/Library/Frameworks/Foundation.framework/Versions/C/Foundation
0x00007ff8290a8000 	/usr/lib/libSystem.B.dylib
0x00007ff821c81000 	/System/Library/PrivateFrameworks/UIFoundation.framework/Versions/A/UIFoundation
0x00007ff82ef1e000 	/System/Library/PrivateFrameworks/RemoteViewServices.framework/Versions/A/RemoteViewServices
0x00007ff82730e000 	/System/Library/PrivateFrameworks/XCTTargetBootstrap.framework/Versions/A/XCTTargetBootstrap
0x00007ff82aeb8000 	/System/Library/PrivateFrameworks/InternationalSupport.framework/Versions/A/InternationalSupport
0x00007ff82af42000 	/System/Library/PrivateFrameworks/UserActivity.framework/Versions/A/UserActivity
0x00007ff82a298000 	/usr/lib/libspindump.dylib
0x00007ff821f0f000 	/System/Library/Frameworks/UniformTypeIdentifiers.framework/Versions/A/UniformTypeIdentifiers
0x00007ff825a4b000 	/usr/lib/libapp_launch_measurement.dylib
0x00007ff824cb4000 	/System/Library/PrivateFrameworks/CoreAnalytics.framework/Versions/A/CoreAnalytics
0x00007ff825a4e000 	/System/Library/PrivateFrameworks/CoreAutoLayout.framework/Versions/A/CoreAutoLayout
0x00007ff826c6e000 	/System/Library/Frameworks/Metal.framework/Versions/A/Metal
0x00007ff827984000 	/usr/lib/liblangid.dylib
0x00007ff827312000 	/System/Library/PrivateFrameworks/CoreSVG.framework/Versions/A/CoreSVG
0x00007ff8232d6000 	/System/Library/PrivateFrameworks/SkyLight.framework/Versions/A/SkyLight
0x00007ff823669000 	/System/Library/Frameworks/CoreGraphics.framework/Versions/A/CoreGraphics
0x00007ff82f58d000 	/System/Library/Frameworks/Accelerate.framework/Versions/A/Accelerate
0x00007ff829d13000 	/System/Library/PrivateFrameworks/IconServices.framework/Versions/A/IconServices
0x00007ff826c53000 	/System/Library/Frameworks/IOSurface.framework/Versions/A/IOSurface
0x00007ff824ce2000 	/usr/lib/libDiagnosticMessagesClient.dylib
0x00007ff828fc8000 	/usr/lib/libz.1.dylib
0x00007ff832bfc000 	/System/Library/Frameworks/ApplicationServices.framework/Versions/A/ApplicationServices
0x00007ff8272fa000 	/System/Library/PrivateFrameworks/DFRFoundation.framework/Versions/A/DFRFoundation
0x00007ff8206e3000 	/usr/lib/libicucore.A.dylib
0x00007ff82bbdd000 	/System/Library/Frameworks/AudioToolbox.framework/Versions/A/AudioToolbox
0x00007ff82aec4000 	/System/Library/PrivateFrameworks/DataDetectorsCore.framework/Versions/A/DataDetectorsCore
0x00007ff926823000 	/System/Library/PrivateFrameworks/TextInput.framework/Versions/A/TextInput
0x00007ff82325a000 	/usr/lib/libMobileGestalt.dylib
0x00007ff827002000 	/System/Library/Frameworks/Carbon.framework/Versions/A/Frameworks/HIToolbox.framework/Versions/A/HIToolbox
0x00007ff825478000 	/System/Library/Frameworks/QuartzCore.framework/Versions/A/QuartzCore
0x00007ff820383000 	/System/Library/Frameworks/Security.framework/Versions/A/Security
0x00007ff82ef56000 	/System/Library/Frameworks/Carbon.framework/Versions/A/Frameworks/SpeechRecognition.framework/Versions/A/SpeechRecognition
0x00007ff8257ab000 	/System/Library/PrivateFrameworks/CoreUI.framework/Versions/A/CoreUI
0x00007ff81fc5b000 	/System/Library/Frameworks/CoreAudio.framework/Versions/A/CoreAudio
0x00007ff824dd0000 	/System/Library/Frameworks/DiskArbitration.framework/Versions/A/DiskArbitration
0x00007ff82a67f000 	/System/Library/PrivateFrameworks/MultitouchSupport.framework/Versions/A/MultitouchSupport
0x00007ff823259000 	/usr/lib/libenergytrace.dylib
0x00007ff820cde000 	/System/Library/Frameworks/IOKit.framework/Versions/A/IOKit
0x00007ff82f342000 	/System/Library/Frameworks/CoreServices.framework/Versions/A/CoreServices
0x00007ff8259e5000 	/System/Library/PrivateFrameworks/PerformanceAnalysis.framework/Versions/A/PerformanceAnalysis
0x00007ffa35fee000 	/System/Library/Frameworks/OpenGL.framework/Versions/A/OpenGL
0x00007ff8285f9000 	/System/Library/PrivateFrameworks/MobileKeyBag.framework/Versions/A/MobileKeyBag
0x00007ff81e1ca000 	/usr/lib/libobjc.A.dylib
0x00007ff823d35000 	/System/Library/Frameworks/ColorSync.framework/Versions/A/ColorSync
0x00007ff81e383000 	/System/Library/Frameworks/CoreFoundation.framework/Versions/A/CoreFoundation
0x00007ff82758b000 	/System/Library/Frameworks/CoreImage.framework/Versions/A/CoreImage
0x00007ff81fa71000 	/System/Library/Frameworks/CoreText.framework/Versions/A/CoreText
0x00007ff827341000 	/System/Library/Frameworks/ImageIO.framework/Versions/A/ImageIO
0x00007ff8290ae000 	/System/Library/PrivateFrameworks/SoftLinking.framework/Versions/A/SoftLinking
0x00007ff825a96000 	/usr/lib/libxml2.2.dylib
0x00007ff81e290000 	/usr/lib/libc++.1.dylib
0x00007ff829332000 	/usr/lib/libcompression.dylib
0x00007ff82adee000 	/System/Library/PrivateFrameworks/TextureIO.framework/Versions/A/TextureIO
0x00007ff829a25000 	/usr/lib/libate.dylib
0x00007ff8290a3000 	/usr/lib/system/libcache.dylib
0x00007ff82905f000 	/usr/lib/system/libcommonCrypto.dylib
0x00007ff829088000 	/usr/lib/system/libcompiler_rt.dylib
0x00007ff82907e000 	/usr/lib/system/libcopyfile.dylib
0x00007ff81e0c4000 	/usr/lib/system/libcorecrypto.dylib
0x00007ff81e183000 	/usr/lib/system/libdispatch.dylib
0x00007ff81e342000 	/usr/lib/system/libdyld.dylib
0x00007ff82909a000 	/usr/lib/system/libkeymgr.dylib
0x00007ff82903d000 	/usr/lib/system/libmacho.dylib
0x00007ff8286cd000 	/usr/lib/system/libquarantine.dylib
0x00007ff829098000 	/usr/lib/system/libremovefile.dylib
0x00007ff8232a6000 	/usr/lib/system/libsystem_asl.dylib
0x00007ff81e072000 	/usr/lib/system/libsystem_blocks.dylib
0x00007ff81e207000 	/usr/lib/system/libsystem_c.dylib
0x00007ff829090000 	/usr/lib/system/libsystem_collections.dylib
0x00007ff827975000 	/usr/lib/system/libsystem_configuration.dylib
0x00007ff826c36000 	/usr/lib/system/libsystem_containermanager.dylib
0x00007ff828d7a000 	/usr/lib/system/libsystem_coreservices.dylib
0x00007ff82096c000 	/usr/lib/system/libsystem_darwin.dylib
0x00007ff82909b000 	/usr/lib/system/libsystem_dnssd.dylib
0x00007ff81e204000 	/usr/lib/system/libsystem_featureflags.dylib
0x00007ff81e358000 	/usr/lib/system/libsystem_info.dylib
0x00007ff828fdb000 	/usr/lib/system/libsystem_m.dylib
0x00007ff81e157000 	/usr/lib/system/libsystem_malloc.dylib
0x00007ff823243000 	/usr/lib/system/libsystem_networkextension.dylib
0x00007ff820d94000 	/usr/lib/system/libsystem_notify.dylib
0x00007ff82f217000 	/usr/lib/system/libsystem_product_info_filter.dylib
0x00007ff827979000 	/usr/lib/system/libsystem_sandbox.dylib
0x00007ff829095000 	/usr/lib/system/libsystem_secinit.dylib
0x00007ff81e2ff000 	/usr/lib/system/libsystem_kernel.dylib
0x00007ff81e34e000 	/usr/lib/system/libsystem_platform.dylib
0x00007ff81e336000 	/usr/lib/system/libsystem_pthread.dylib
0x00007ff824afb000 	/usr/lib/system/libsystem_symptoms.dylib
0x00007ff81e0ab000 	/usr/lib/system/libsystem_trace.dylib
0x00007ff82906b000 	/usr/lib/system/libunwind.dylib
0x00007ff81e074000 	/usr/lib/system/libxpc.dylib
0x00007ff81e2e9000 	/usr/lib/libc++abi.dylib
0x00007ff829076000 	/usr/lib/liboah.dylib
0x00007ff829803000 	/usr/lib/liblzma.5.dylib
0x00007ff81ef1a000 	/System/Library/Frameworks/SystemConfiguration.framework/Versions/A/SystemConfiguration
0x00007ff8290aa000 	/usr/lib/libfakelink.dylib
0x00007ff822dac000 	/System/Library/Frameworks/CFNetwork.framework/Versions/A/CFNetwork
0x00007ff8291e9000 	/usr/lib/libarchive.2.dylib
0x00007ff827980000 	/System/Library/PrivateFrameworks/AppleSystemInfo.framework/Versions/A/AppleSystemInfo
0x00007ff8286f4000 	/usr/lib/libbsm.0.dylib
0x00007ff8223e2000 	/usr/lib/libnetwork.dylib
0x00007ff829043000 	/usr/lib/system/libkxld.dylib
0x00007ff828322000 	/System/Library/PrivateFrameworks/IOMobileFramebuffer.framework/Versions/A/IOMobileFramebuffer
0x00007ffb33d9c000 	/usr/lib/libCoreEntitlements.dylib
0x00007ff828d5c000 	/System/Library/PrivateFrameworks/AppleFSCompression.framework/Versions/A/AppleFSCompression
0x00007ff8286dc000 	/usr/lib/libcoretls.dylib
0x00007ff82981d000 	/usr/lib/libcoretls_cfhelpers.dylib
0x00007ff82932d000 	/usr/lib/libpam.2.dylib
0x00007ff82471d000 	/usr/lib/libsqlite3.dylib
0x00007ff82988c000 	/usr/lib/libxar.1.dylib
0x00007ff828d6c000 	/usr/lib/libbz2.1.0.dylib
0x00007ff8290af000 	/usr/lib/libpcap.A.dylib
0x00007ff824af2000 	/usr/lib/libdns_services.dylib
0x00007ff8292fc000 	/usr/lib/libapple_nghttp2.dylib
0x00007ff8290e6000 	/usr/lib/libiconv.2.dylib
0x00007ff82903c000 	/usr/lib/libcharset.1.dylib
0x00007ff825a19000 	/System/Library/Frameworks/CoreServices.framework/Versions/A/Frameworks/FSEvents.framework/Versions/A/FSEvents
0x00007ff820976000 	/System/Library/Frameworks/CoreServices.framework/Versions/A/Frameworks/CarbonCore.framework/Versions/A/CarbonCore
0x00007ff824d35000 	/System/Library/Frameworks/CoreServices.framework/Versions/A/Frameworks/Metadata.framework/Versions/A/Metadata
0x00007ff828d7f000 	/System/Library/Frameworks/CoreServices.framework/Versions/A/Frameworks/OSServices.framework/Versions/A/OSServices
0x00007ff829270000 	/System/Library/Frameworks/CoreServices.framework/Versions/A/Frameworks/SearchKit.framework/Versions/A/SearchKit
0x00007ff824a84000 	/System/Library/Frameworks/CoreServices.framework/Versions/A/Frameworks/AE.framework/Versions/A/AE
0x00007ff81e886000 	/System/Library/Frameworks/CoreServices.framework/Versions/A/Frameworks/LaunchServices.framework/Versions/A/LaunchServices
0x00007ff8297b4000 	/System/Library/Frameworks/CoreServices.framework/Versions/A/Frameworks/DictionaryServices.framework/Versions/A/DictionaryServices
0x00007ff825a26000 	/System/Library/Frameworks/CoreServices.framework/Versions/A/Frameworks/SharedFileList.framework/Versions/A/SharedFileList
0x00007ff8286d0000 	/usr/lib/libCheckFix.dylib
0x00007ff8232bd000 	/System/Library/PrivateFrameworks/TCC.framework/Versions/A/TCC
0x00007ff827986000 	/System/Library/PrivateFrameworks/CoreNLP.framework/Versions/A/CoreNLP
0x00007ff824ce5000 	/System/Library/PrivateFrameworks/MetadataUtilities.framework/Versions/A/MetadataUtilities
0x00007ff81efca000 	/usr/lib/libmecabra.dylib
0x00007ff828704000 	/usr/lib/libmecab.dylib
0x00007ff81ef95000 	/usr/lib/libCRFSuite.dylib
0x00007ff828761000 	/usr/lib/libgermantok.dylib
0x00007ff8292d7000 	/usr/lib/libThaiTokenizer.dylib
0x00007ff824dd7000 	/System/Library/Frameworks/Accelerate.framework/Versions/A/Frameworks/vImage.framework/Versions/A/vImage
0x00007ff82f319000 	/System/Library/Frameworks/Accelerate.framework/Versions/A/Frameworks/vecLib.framework/Versions/A/vecLib
0x00007ff8298cd000 	/System/Library/Frameworks/Accelerate.framework/Versions/A/Frameworks/vecLib.framework/Versions/A/libvMisc.dylib
0x00007ff828140000 	/System/Library/Frameworks/Accelerate.framework/Versions/A/Frameworks/vecLib.framework/Versions/A/libvDSP.dylib
0x00007ff81ebfe000 	/System/Library/Frameworks/Accelerate.framework/Versions/A/Frameworks/vecLib.framework/Versions/A/libBLAS.dylib
0x00007ff82940e000 	/System/Library/Frameworks/Accelerate.framework/Versions/A/Frameworks/vecLib.framework/Versions/A/libLAPACK.dylib
0x00007ff828764000 	/System/Library/Frameworks/Accelerate.framework/Versions/A/Frameworks/vecLib.framework/Versions/A/libLinearAlgebra.dylib
0x00007ff829315000 	/System/Library/Frameworks/Accelerate.framework/Versions/A/Frameworks/vecLib.framework/Versions/A/libSparseBLAS.dylib
0x00007ff829408000 	/System/Library/Frameworks/Accelerate.framework/Versions/A/Frameworks/vecLib.framework/Versions/A/libQuadrature.dylib
0x00007ff827a70000 	/System/Library/Frameworks/Accelerate.framework/Versions/A/Frameworks/vecLib.framework/Versions/A/libBNNS.dylib
0x00007ff81eeab000 	/System/Library/Frameworks/Accelerate.framework/Versions/A/Frameworks/vecLib.framework/Versions/A/libSparse.dylib
0x00007ff827a69000 	/System/Library/PrivateFrameworks/LinguisticData.framework/Versions/A/LinguisticData
0x00007ff81ee60000 	/System/Library/PrivateFrameworks/Lexicon.framework/Versions/A/Lexicon
0x00007ff8298c6000 	/usr/lib/libChineseTokenizer.dylib
0x00007ff81f5c4000 	/System/Library/PrivateFrameworks/LanguageModeling.framework/Versions/A/LanguageModeling
0x00007ff8292d9000 	/System/Library/PrivateFrameworks/AppleSauce.framework/Versions/A/AppleSauce
0x00007ff828310000 	/System/Library/PrivateFrameworks/CoreEmoji.framework/Versions/A/CoreEmoji
0x00007ff8291d8000 	/usr/lib/libcmph.dylib
0x00007ff8259fd000 	/System/Library/Frameworks/OpenDirectory.framework/Versions/A/Frameworks/CFOpenDirectory.framework/Versions/A/CFOpenDirectory
0x00007ff8259f1000 	/System/Library/Frameworks/OpenDirectory.framework/Versions/A/OpenDirectory
0x00007ff82981f000 	/System/Library/PrivateFrameworks/APFS.framework/Versions/A/APFS
0x00007ff828631000 	/System/Library/Frameworks/SecurityFoundation.framework/Versions/A/SecurityFoundation
0x00007ff82989a000 	/usr/lib/libutil.dylib
0x00007ff820ca1000 	/System/Library/PrivateFrameworks/CoreServicesStore.framework/Versions/A/CoreServicesStore
0x00007ff82989e000 	/usr/lib/libxslt.1.dylib
0x00007ff8286be000 	/System/Library/PrivateFrameworks/BackgroundTaskManagement.framework/Versions/A/BackgroundTaskManagement
0x00007ff82ad0e000 	/System/Library/Frameworks/ImageIO.framework/Versions/A/Resources/libRadiance.dylib
0x00007ff82ad17000 	/System/Library/Frameworks/ImageIO.framework/Versions/A/Resources/libJPEG.dylib
0x00007ff82ac67000 	/System/Library/Frameworks/ImageIO.framework/Versions/A/Resources/libPng.dylib
0x00007ff82ac88000 	/System/Library/Frameworks/ImageIO.framework/Versions/A/Resources/libTIFF.dylib
0x00007ff82ad77000 	/System/Library/Frameworks/ImageIO.framework/Versions/A/Resources/libGIF.dylib
0x00007ff82a598000 	/System/Library/Frameworks/ImageIO.framework/Versions/A/Resources/libJP2.dylib
0x00007ff829cda000 	/usr/lib/libexpat.1.dylib
0x00007ff82a54d000 	/System/Library/PrivateFrameworks/AppleJPEG.framework/Versions/A/AppleJPEG
0x00007ff826ec9000 	/System/Library/PrivateFrameworks/FontServices.framework/libFontParser.dylib
0x00007ff824a2e000 	/System/Library/PrivateFrameworks/RunningBoardServices.framework/Versions/A/RunningBoardServices
0x00007ff8354e7000 	/System/Library/PrivateFrameworks/IOSurfaceAccelerator.framework/Versions/A/IOSurfaceAccelerator
0x00007ff82a67b000 	/System/Library/PrivateFrameworks/WatchdogClient.framework/Versions/A/WatchdogClient
0x00007ff81f6b3000 	/System/Library/Frameworks/CoreDisplay.framework/Versions/A/CoreDisplay
0x00007ff826dc8000 	/System/Library/Frameworks/CoreMedia.framework/Versions/A/CoreMedia
0x00007ff826c65000 	/System/Library/PrivateFrameworks/IOAccelerator.framework/Versions/A/IOAccelerator
0x00007ff825b79000 	/System/Library/Frameworks/CoreVideo.framework/Versions/A/CoreVideo
0x00007ff82932b000 	/System/Library/Frameworks/MetalPerformanceShaders.framework/Versions/A/MetalPerformanceShaders
0x00007ff82a6b6000 	/System/Library/Frameworks/VideoToolbox.framework/Versions/A/VideoToolbox
0x00007ff824976000 	/System/Library/PrivateFrameworks/BaseBoard.framework/Versions/A/BaseBoard
0x00007ff824703000 	/System/Library/PrivateFrameworks/ProtocolBuffer.framework/Versions/A/ProtocolBuffer
0x00007ff82ad07000 	/System/Library/PrivateFrameworks/GPUWrangler.framework/Versions/A/GPUWrangler
0x00007ff82acea000 	/System/Library/PrivateFrameworks/IOPresentment.framework/Versions/A/IOPresentment
0x00007ff82ad11000 	/System/Library/PrivateFrameworks/DSExternalDisplay.framework/Versions/A/DSExternalDisplay
0x00007ffa35fe2000 	/System/Library/Frameworks/OpenGL.framework/Versions/A/Libraries/libCoreFSCache.dylib
0x00007ffb22086000 	/System/Library/PrivateFrameworks/GPUCompiler.framework/Versions/31001/Libraries/libGPUCompilerUtils.dylib
0x00007ff82ad7c000 	/System/Library/PrivateFrameworks/CMCaptureCore.framework/Versions/A/CMCaptureCore
0x00007ff82a286000 	/System/Library/PrivateFrameworks/AppServerSupport.framework/Versions/A/AppServerSupport
0x00007ff82c463000 	/System/Library/PrivateFrameworks/perfdata.framework/Versions/A/perfdata
0x00007ff81f7df000 	/System/Library/PrivateFrameworks/AudioToolboxCore.framework/Versions/A/AudioToolboxCore
0x00007ff826da5000 	/System/Library/PrivateFrameworks/caulk.framework/Versions/A/caulk
0x00007ff82bd87000 	/usr/lib/libAudioStatistics.dylib
0x00007ff9230b4000 	/System/Library/PrivateFrameworks/SystemPolicy.framework/Versions/A/SystemPolicy
0x00007ff82bfdc000 	/usr/lib/libSMC.dylib
0x00007ff834e20000 	/System/Library/Frameworks/CoreMIDI.framework/Versions/A/CoreMIDI
0x00007ff82ac37000 	/usr/lib/libAudioToolboxUtility.dylib
0x00007ff91f4c6000 	/System/Library/PrivateFrameworks/OSAServicesClient.framework/Versions/A/OSAServicesClient
0x00007ff82c470000 	/usr/lib/libperfcheck.dylib
0x00007ff923b46000 	/usr/lib/libmis.dylib
0x00007ffa3603e000 	/System/Library/Frameworks/OpenGL.framework/Versions/A/Libraries/libGLU.dylib
0x00007ffa36001000 	/System/Library/Frameworks/OpenGL.framework/Versions/A/Libraries/libGFXShared.dylib
0x00007ffa3620f000 	/System/Library/Frameworks/OpenGL.framework/Versions/A/Libraries/libGL.dylib
0x00007ffa3600a000 	/System/Library/Frameworks/OpenGL.framework/Versions/A/Libraries/libGLImage.dylib
0x00007ffa35ffe000 	/System/Library/Frameworks/OpenGL.framework/Versions/A/Libraries/libCVMSPluginSupport.dylib
0x00007ffa35fe9000 	/System/Library/Frameworks/OpenGL.framework/Versions/A/Libraries/libCoreVMClient.dylib
0x00007ff827904000 	/System/Library/Frameworks/MetalPerformanceShaders.framework/Versions/A/Frameworks/MPSCore.framework/Versions/A/MPSCore
0x00007ff828cc7000 	/System/Library/Frameworks/MetalPerformanceShaders.framework/Versions/A/Frameworks/MPSImage.framework/Versions/A/MPSImage
0x00007ff82877a000 	/System/Library/Frameworks/MetalPerformanceShaders.framework/Versions/A/Frameworks/MPSNeuralNetwork.framework/Versions/A/MPSNeuralNetwork
0x00007ff828bef000 	/System/Library/Frameworks/MetalPerformanceShaders.framework/Versions/A/Frameworks/MPSMatrix.framework/Versions/A/MPSMatrix
0x00007ff8289ab000 	/System/Library/Frameworks/MetalPerformanceShaders.framework/Versions/A/Frameworks/MPSRayIntersector.framework/Versions/A/MPSRayIntersector
0x00007ff828c28000 	/System/Library/Frameworks/MetalPerformanceShaders.framework/Versions/A/Frameworks/MPSNDArray.framework/Versions/A/MPSNDArray
0x00007ffa3ac00000 	/System/Library/Frameworks/MetalPerformanceShaders.framework/Versions/A/Frameworks/MPSFunctions.framework/Versions/A/MPSFunctions
0x00007ff81eae1000 	/System/Library/PrivateFrameworks/MetalTools.framework/Versions/A/MetalTools
0x00007ff82797e000 	/System/Library/PrivateFrameworks/AggregateDictionary.framework/Versions/A/AggregateDictionary
0x00007ff829abc000 	/usr/lib/libIOReport.dylib
0x00007ffa3761e000 	/System/Library/Frameworks/OpenCL.framework/Versions/A/OpenCL
0x00007ff829e20000 	/System/Library/PrivateFrameworks/FaceCore.framework/Versions/A/FaceCore
0x00007ff829e11000 	/System/Library/PrivateFrameworks/GraphVisualizer.framework/Versions/A/GraphVisualizer
0x00007ffb21f91000 	/System/Library/PrivateFrameworks/FontServices.framework/Versions/A/FontServices
0x00007ff82a23d000 	/System/Library/PrivateFrameworks/OTSVG.framework/Versions/A/OTSVG
0x00007ff825761000 	/System/Library/Frameworks/ApplicationServices.framework/Versions/A/Frameworks/ATS.framework/Versions/A/Resources/libFontRegistry.dylib
0x00007ff82a28e000 	/System/Library/PrivateFrameworks/FontServices.framework/libhvf.dylib
0x00007ffb21f92000 	/System/Library/PrivateFrameworks/FontServices.framework/libXTFontStaticRegistryData.dylib
0x00007ff829c8a000 	/System/Library/PrivateFrameworks/AppleVA.framework/Versions/A/AppleVA
0x00007ff82bdab000 	/System/Library/Frameworks/ApplicationServices.framework/Versions/A/Frameworks/ATS.framework/Versions/A/ATS
0x00007ff823e31000 	/System/Library/Frameworks/ApplicationServices.framework/Versions/A/Frameworks/HIServices.framework/Versions/A/HIServices
0x00007ff82ad86000 	/System/Library/Frameworks/ApplicationServices.framework/Versions/A/Frameworks/PrintCore.framework/Versions/A/PrintCore
0x00007ff82c12f000 	/System/Library/Frameworks/ApplicationServices.framework/Versions/A/Frameworks/QD.framework/Versions/A/QD
0x00007ff82c127000 	/System/Library/Frameworks/ApplicationServices.framework/Versions/A/Frameworks/ColorSyncLegacy.framework/Versions/A/ColorSyncLegacy
0x00007ff82bd9b000 	/System/Library/Frameworks/ApplicationServices.framework/Versions/A/Frameworks/SpeechSynthesis.framework/Versions/A/SpeechSynthesis
0x00007ff82ad47000 	/System/Library/Frameworks/ApplicationServices.framework/Versions/A/Frameworks/ATSUI.framework/Versions/A/ATSUI
0x00007ff82c0bc000 	/usr/lib/libcups.2.dylib
0x00007ff82c47f000 	/System/Library/Frameworks/Kerberos.framework/Versions/A/Kerberos
0x00007ff82c48e000 	/System/Library/Frameworks/GSS.framework/Versions/A/GSS
0x00007ff82be17000 	/usr/lib/libresolv.9.dylib
0x00007ff82a29d000 	/System/Library/PrivateFrameworks/Heimdal.framework/Versions/A/Heimdal
0x00007ff832f77000 	/System/Library/Frameworks/Kerberos.framework/Versions/A/Libraries/libHeimdalProxy.dylib
0x00007ff824b03000 	/System/Library/Frameworks/Network.framework/Versions/A/Network
0x00007ff829cf4000 	/usr/lib/libheimdal-asn1.dylib
0x00007ff82c4da000 	/System/Library/PrivateFrameworks/CommonAuth.framework/Versions/A/CommonAuth
0x00007ff82bd18000 	/System/Library/PrivateFrameworks/AudioSession.framework/Versions/A/AudioSession
0x00007ff829d84000 	/System/Library/PrivateFrameworks/MediaExperience.framework/Versions/A/MediaExperience
0x00007ff82bbac000 	/System/Library/PrivateFrameworks/AudioSession.framework/libSessionUtility.dylib
0x00007ff82c13b000 	/System/Library/PrivateFrameworks/AudioResourceArbitration.framework/Versions/A/AudioResourceArbitration
0x00007ff83012c000 	/System/Library/PrivateFrameworks/PowerLog.framework/Versions/A/PowerLog
0x00007ff829cfd000 	/System/Library/PrivateFrameworks/IconFoundation.framework/Versions/A/IconFoundation
0x00007ff82ef46000 	/System/Library/PrivateFrameworks/SpeechRecognitionCore.framework/Versions/A/SpeechRecognitionCore
0x000000010f052000 	/Users/max/Library/Java/JavaVirtualMachines/corretto-1.8.0_312/Contents/Home/jre/lib/server/libjvm.dylib
0x000000010e6e6000 	/Users/max/Library/Java/JavaVirtualMachines/corretto-1.8.0_312/Contents/Home/jre/lib/libverify.dylib
0x000000010e731000 	/Users/max/Library/Java/JavaVirtualMachines/corretto-1.8.0_312/Contents/Home/jre/lib/libjava.dylib
0x000000010e769000 	/Users/max/Library/Java/JavaVirtualMachines/corretto-1.8.0_312/Contents/Home/jre/lib/libinstrument.dylib
0x000000010e70d000 	/Users/max/Library/Java/JavaVirtualMachines/corretto-1.8.0_312/Contents/Home/jre/lib/libzip.dylib
0x000000010ef42000 	/Users/max/Library/Java/JavaVirtualMachines/corretto-1.8.0_312/Contents/Home/jre/lib/libnio.dylib
0x000000010ef79000 	/Users/max/Library/Java/JavaVirtualMachines/corretto-1.8.0_312/Contents/Home/jre/lib/libnet.dylib
0x000000010ef99000 	/Users/max/Library/Java/JavaVirtualMachines/corretto-1.8.0_312/Contents/Home/jre/lib/libprism_es2.dylib
0x00007ff820c62000 	/System/Library/PrivateFrameworks/CoreServicesInternal.framework/Versions/A/CoreServicesInternal
0x00007ffa3621a000 	/System/Library/Frameworks/OpenGL.framework/Versions/A/Resources/GLEngine.bundle/GLEngine
0x00007ffa3607c000 	/System/Library/Frameworks/OpenGL.framework/Versions/A/Libraries/libGLProgrammability.dylib
0x00007ffa2a445000 	/System/Library/Extensions/AppleIntelKBLGraphicsGLDriver.bundle/Contents/MacOS/AppleIntelKBLGraphicsGLDriver
0x00007ff92da0f000 	/System/Library/PrivateFrameworks/GPUSupport.framework/Versions/A/Libraries/libGPUSupportMercury.dylib
0x00007ffa363a9000 	/System/Library/Frameworks/OpenGL.framework/Versions/A/Resources/GLRendererFloat.bundle/GLRendererFloat
0x0000000111bae000 	/Users/max/Library/Java/JavaVirtualMachines/corretto-1.8.0_312/Contents/Home/jre/lib/libglass.dylib
0x00007ff83071d000 	/System/Library/Frameworks/FileProvider.framework/Versions/A/FileProvider
0x00007ff8248e2000 	/System/Library/Frameworks/Accounts.framework/Versions/A/Accounts
0x00007ff830894000 	/System/Library/PrivateFrameworks/GenerationalStorage.framework/Versions/A/GenerationalStorage
0x00007ff8313a6000 	/System/Library/PrivateFrameworks/CoreSymbolication.framework/Versions/A/CoreSymbolication
0x00007ff830121000 	/System/Library/PrivateFrameworks/SymptomDiagnosticReporter.framework/Versions/A/SymptomDiagnosticReporter
0x00007ff821f23000 	/System/Library/PrivateFrameworks/DesktopServicesPriv.framework/Versions/A/DesktopServicesPriv
0x00007ff820da3000 	/usr/lib/libsandbox.1.dylib
0x00007ff825bf8000 	/System/Library/PrivateFrameworks/UserManagement.framework/Versions/A/UserManagement
0x00007ff83136b000 	/System/Library/PrivateFrameworks/DebugSymbols.framework/Versions/A/DebugSymbols
0x00007ff82c11c000 	/System/Library/PrivateFrameworks/NetAuth.framework/Versions/A/NetAuth
0x00007ff82d00a000 	/System/Library/PrivateFrameworks/Sharing.framework/Versions/A/Sharing
0x00007ff825bcb000 	/System/Library/PrivateFrameworks/login.framework/Versions/A/Frameworks/loginsupport.framework/Versions/A/loginsupport
0x00007ff8324ab000 	/System/Library/PrivateFrameworks/Apple80211.framework/Versions/A/Apple80211
0x00007ff828dac000 	/System/Library/PrivateFrameworks/AuthKit.framework/Versions/A/AuthKit
0x00007ff828406000 	/System/Library/PrivateFrameworks/CoreUtils.framework/Versions/A/CoreUtils
0x00007ff82832d000 	/System/Library/Frameworks/CoreWLAN.framework/Versions/A/CoreWLAN
0x00007ff82d165000 	/System/Library/Frameworks/IOBluetooth.framework/Versions/A/IOBluetooth
0x00007ff832513000 	/System/Library/PrivateFrameworks/CoreWiFi.framework/Versions/A/CoreWiFi
0x00007ff830f40000 	/System/Library/PrivateFrameworks/FrontBoardServices.framework/Versions/A/FrontBoardServices
0x00007ff830fd2000 	/System/Library/PrivateFrameworks/BoardServices.framework/Versions/A/BoardServices
0x00007ff828620000 	/System/Library/PrivateFrameworks/AssertionServices.framework/Versions/A/AssertionServices
0x00007ff832697000 	/System/Library/PrivateFrameworks/BackBoardServices.framework/Versions/A/BackBoardServices
0x00007ff82c569000 	/System/Library/PrivateFrameworks/CorePhoneNumbers.framework/Versions/A/CorePhoneNumbers
0x00007ff83023e000 	/System/Library/PrivateFrameworks/DiskManagement.framework/Versions/A/DiskManagement
0x00007ff830152000 	/System/Library/PrivateFrameworks/AppleIDAuthSupport.framework/Versions/A/AppleIDAuthSupport
0x00007ffa3cb96000 	/System/Library/PrivateFrameworks/AAAFoundation.framework/Versions/A/AAAFoundation
0x00007ff82c54a000 	/System/Library/PrivateFrameworks/KeychainCircle.framework/Versions/A/KeychainCircle
0x00007ff83020a000 	/System/Library/PrivateFrameworks/MediaKit.framework/Versions/A/MediaKit
0x00007ff83015e000 	/System/Library/Frameworks/DiscRecording.framework/Versions/A/DiscRecording
0x00007ff829c02000 	/usr/lib/libCoreStorage.dylib
0x00007ff832986000 	/usr/lib/libcsfde.dylib
0x00007ff82d232000 	/System/Library/PrivateFrameworks/ProtectedCloudStorage.framework/Versions/A/ProtectedCloudStorage
0x00007ff832982000 	/System/Library/PrivateFrameworks/EFILogin.framework/Versions/A/EFILogin
0x00007ff8308ba000 	/System/Library/PrivateFrameworks/OctagonTrust.framework/Versions/A/OctagonTrust
0x00007ffb212b3000 	/System/Library/PrivateFrameworks/CoreUtilsExtras.framework/Versions/A/CoreUtilsExtras
0x00007ff830094000 	/System/Library/Frameworks/CoreBluetooth.framework/Versions/A/CoreBluetooth
0x00007ff832ffc000 	/System/Library/Frameworks/AudioUnit.framework/Versions/A/AudioUnit
0x00007ff829bfa000 	/usr/lib/libMatch.1.dylib
0x00007ff927f95000 	/System/Library/Frameworks/Accelerate.framework/Versions/A/Frameworks/vImage.framework/Versions/A/Libraries/libCGInterfaces.dylib
0x0000000113083000 	/usr/lib/libobjc-trampolines.dylib
0x00007ff8258f1000 	/System/Library/PrivateFrameworks/ViewBridge.framework/Versions/A/ViewBridge
0x00007ffa3d250000 	/System/Library/PrivateFrameworks/AccessibilityBundles.framework/Versions/A/AccessibilityBundles
0x000000012e8f6000 	/Users/max/Library/Java/JavaVirtualMachines/corretto-1.8.0_312/Contents/Home/jre/lib/libjavafx_font.dylib
0x00007ffb33eaa000 	/usr/lib/libRosetta.dylib
0x00007ff82a357000 	/System/Library/PrivateFrameworks/login.framework/Versions/A/login
0x00000001343ca000 	/Users/max/Library/Java/JavaVirtualMachines/corretto-1.8.0_312/Contents/Home/jre/lib/libprism_common.dylib

VM Arguments:
jvm_args: -javaagent:/Applications/IntelliJ IDEA CE.app/Contents/lib/idea_rt.jar=50626:/Applications/IntelliJ IDEA CE.app/Contents/bin -Dfile.encoding=UTF-8 
java_command: challenge01.RetailPriceCalculator
java_class_path (initial): /Users/max/Library/Java/JavaVirtualMachines/corretto-1.8.0_312/Contents/Home/jre/lib/charsets.jar:/Users/max/Library/Java/JavaVirtualMachines/corretto-1.8.0_312/Contents/Home/jre/lib/ext/cldrdata.jar:/Users/max/Library/Java/JavaVirtualMachines/corretto-1.8.0_312/Contents/Home/jre/lib/ext/dnsns.jar:/Users/max/Library/Java/JavaVirtualMachines/corretto-1.8.0_312/Contents/Home/jre/lib/ext/jaccess.jar:/Users/max/Library/Java/JavaVirtualMachines/corretto-1.8.0_312/Contents/Home/jre/lib/ext/jfxrt.jar:/Users/max/Library/Java/JavaVirtualMachines/corretto-1.8.0_312/Contents/Home/jre/lib/ext/localedata.jar:/Users/max/Library/Java/JavaVirtualMachines/corretto-1.8.0_312/Contents/Home/jre/lib/ext/nashorn.jar:/Users/max/Library/Java/JavaVirtualMachines/corretto-1.8.0_312/Contents/Home/jre/lib/ext/sunec.jar:/Users/max/Library/Java/JavaVirtualMachines/corretto-1.8.0_312/Contents/Home/jre/lib/ext/sunjce_provider.jar:/Users/max/Library/Java/JavaVirtualMachines/corretto-1.8.0_312/Contents/Home/jre/lib/ext/sunpkcs11.jar:/Users/max/Library/Java/JavaVirtualMachines/corretto-1.8.0_312/Contents/Home/jre/lib/ext/zipfs.jar:/Users/max/Library/Java/JavaVirtualMachines/corretto-1.8.0_312/Contents/Home/jre/lib/jce.jar:/Users/max/Library/Java/JavaVirtualMachines/corretto-1.8.0_312/Contents/Home/jre/lib/jfr.jar:/Users/max/Library/Java/JavaVirtualMachines/corretto-1.8.0_312/Contents/Home/jre/lib/jfxswt.jar:/Users/max/Library/Java/JavaVirtualMachines/corretto-1.8.0_312/Contents/Home/jre/lib/jsse.jar:/Users/max/Library/Java/JavaVirtualMachines/corretto-1.8.0_312/Contents/Home/jre/lib/management-agent.jar:/Users/max/Library/Java/JavaVirtualMachines/corretto-1.8.0_312/Contents/Home/jre/lib/resources.jar:/Users/max/Library/Java/JavaVirtualMachines/corretto-1.8.0_312/Contents/Home/jre/lib/rt.jar:/Users/max/Library/Java/JavaVirtualMachines/corretto-1.8.0_312/Contents/Home/lib/ant-javafx.jar:/Users/max/Library/Java/JavaVirtualMachines/corretto-1.8.0_312/Contents/Home/lib/dt.jar:
Launcher Type: SUN_STANDARD

Environment Variables:
JAVA_HOME=/Library/Java/JavaVirtualMachines/jdk-16.0.1.jdk/Contents/Home
PATH=/Users/max/opt/anaconda3/condabin:/usr/local/bin:/Library/Frameworks/Python.framework/Versions/3.9/bin:/usr/local/bin:/usr/bin:/bin:/usr/sbin:/sbin:/etc/platform-tools:/usr/local/share/dotnet:~/.dotnet/tools:/Library/Apple/usr/bin:/Library/Frameworks/Mono.framework/Versions/Current/Commands:/Applications/Visual Studio Code.app/Contents/Resources/app/bin
SHELL=/bin/zsh

Signal Handlers:
SIGSEGV: [libjvm.dylib+0x573377], sa_mask[0]=11111111011111110111111111111111, sa_flags=SA_ONSTACK|SA_RESTART|SA_SIGINFO
SIGBUS: [libjvm.dylib+0x573377], sa_mask[0]=11111111011111110111111111111111, sa_flags=SA_RESTART|SA_SIGINFO
SIGFPE: [libjvm.dylib+0x46e85b], sa_mask[0]=11111111011111110111111111111111, sa_flags=SA_RESTART|SA_SIGINFO
SIGPIPE: [libjvm.dylib+0x46e85b], sa_mask[0]=11111111011111110111111111111111, sa_flags=SA_RESTART|SA_SIGINFO
SIGXFSZ: [libjvm.dylib+0x46e85b], sa_mask[0]=11111111011111110111111111111111, sa_flags=SA_RESTART|SA_SIGINFO
SIGILL: [libjvm.dylib+0x46e85b], sa_mask[0]=11111111011111110111111111111111, sa_flags=SA_RESTART|SA_SIGINFO
SIGUSR1: SIG_DFL, sa_mask[0]=00000000000000000000000000000000, sa_flags=none
SIGUSR2: [libjvm.dylib+0x46f13a], sa_mask[0]=00100000000000000000000000000000, sa_flags=SA_RESTART|SA_SIGINFO
SIGHUP: [libjvm.dylib+0x46d36f], sa_mask[0]=11111111011111110111111111111111, sa_flags=SA_RESTART|SA_SIGINFO
SIGINT: [libjvm.dylib+0x46d36f], sa_mask[0]=11111111011111110111111111111111, sa_flags=SA_RESTART|SA_SIGINFO
SIGTERM: [libjvm.dylib+0x46d36f], sa_mask[0]=11111111011111110111111111111111, sa_flags=SA_RESTART|SA_SIGINFO
SIGQUIT: [libjvm.dylib+0x46d36f], sa_mask[0]=11111111011111110111111111111111, sa_flags=SA_RESTART|SA_SIGINFO


---------------  S Y S T E M  ---------------

OS:Bsduname:Darwin 21.2.0 Darwin Kernel Version 21.2.0: Sun Nov 28 20:28:54 PST 2021; root:xnu-8019.61.5~1/RELEASE_X86_64 x86_64
rlimit: STACK 8192k, CORE 0k, NPROC 2784, NOFILE 10240, AS infinity
load average:2.38 2.06 2.06

CPU:total 4 (initial active 4) (2 cores per cpu, 2 threads per core) family 6 model 142 stepping 9, cmov, cx8, fxsr, mmx, sse, sse2, sse3, ssse3, sse4.1, sse4.2, popcnt, avx, avx2, aes, clmul, erms, rtm, 3dnowpref, lzcnt, ht, tsc, tscinvbit, bmi1, bmi2, adx

Memory: 4k page, physical 16777216k(377092k free)

/proc/meminfo:


vm_info: OpenJDK 64-Bit Server VM (25.312-b07) for bsd-amd64 JRE (1.8.0_312-b07), built on Oct 14 2021 21:08:52 by "ec2-user" with gcc Apple LLVM 13.0.0 (clang-1300.0.29.3)

time: Sun Jan 23 21:49:36 2022
timezone: CST
elapsed time: 3.368379 seconds (0d 0h 0m 3s)

